<?xml version="1.0" encoding="UTF-8"?>
<testng-results total="2" passed="2" failed="0" skipped="0">
  <reporter-output>
  </reporter-output>
  <suite started-at="2022-11-04T07:01:11Z" name="Default suite" finished-at="2022-11-04T07:02:10Z" duration-ms="58901">
    <groups>
      <group name="cucumber">
        <method signature="AbstractTestNGCucumberTests.runScenario(io.cucumber.testng.PickleWrapper, io.cucumber.testng.FeatureWrapper)[pri:0, instance:Runner1.Test_run@7393222f]" name="runScenario" class="io.cucumber.testng.AbstractTestNGCucumberTests"/>
      </group> <!-- cucumber -->
    </groups>
    <test started-at="2022-11-04T07:01:11Z" name="Default test" finished-at="2022-11-04T07:02:10Z" duration-ms="58901">
      <class name="Runner1.Test_run">
        <test-method is-config="true" signature="setUpClass(org.testng.ITestContext)[pri:0, instance:Runner1.Test_run@7393222f]" started-at="2022-11-04T12:31:11Z" name="setUpClass" finished-at="2022-11-04T12:31:11Z" duration-ms="579" status="PASS">
          <params>
            <param index="0">
              <value>
                <![CDATA[org.testng.TestRunner@3bd6ba24]]>
              </value>
            </param>
          </params>
          <reporter-output>
          </reporter-output>
        </test-method> <!-- setUpClass -->
        <test-method signature="runScenario(io.cucumber.testng.PickleWrapper, io.cucumber.testng.FeatureWrapper)[pri:0, instance:Runner1.Test_run@7393222f]" started-at="2022-11-04T12:31:12Z" name="runScenario" description="Runs Cucumber Scenarios" data-provider="scenarios" finished-at="2022-11-04T12:31:38Z" duration-ms="26366" status="PASS">
          <params>
            <param index="0">
              <value>
                <![CDATA["Check login feature with valid data"]]>
              </value>
            </param>
            <param index="1">
              <value>
                <![CDATA["Optional[Guru99]"]]>
              </value>
            </param>
          </params>
          <reporter-output>
          </reporter-output>
        </test-method> <!-- runScenario -->
        <test-method signature="runScenario(io.cucumber.testng.PickleWrapper, io.cucumber.testng.FeatureWrapper)[pri:0, instance:Runner1.Test_run@7393222f]" started-at="2022-11-04T12:31:38Z" name="runScenario" description="Runs Cucumber Scenarios" data-provider="scenarios" finished-at="2022-11-04T12:32:10Z" duration-ms="31909" status="PASS">
          <params>
            <param index="0">
              <value>
                <![CDATA["Check login feature with valid data"]]>
              </value>
            </param>
            <param index="1">
              <value>
                <![CDATA["Optional[Guru99]"]]>
              </value>
            </param>
          </params>
          <reporter-output>
          </reporter-output>
        </test-method> <!-- runScenario -->
        <test-method is-config="true" signature="tearDownClass()[pri:0, instance:Runner1.Test_run@7393222f]" started-at="2022-11-04T12:32:10Z" name="tearDownClass" finished-at="2022-11-04T12:32:10Z" duration-ms="15" status="PASS">
          <reporter-output>
          </reporter-output>
        </test-method> <!-- tearDownClass -->
      </class> <!-- Runner1.Test_run -->
    </test> <!-- Default test -->
  </suite> <!-- Default suite -->
</testng-results>
